ARM GAS  /var/folders/cw/yd42cdzd0yd5y__m68_66wjm0000gn/T//ccDeBv9R.s 			page 1


   1              		.cpu cortex-m4
   2              		.arch armv7e-m
   3              		.fpu fpv4-sp-d16
   4              		.eabi_attribute 27, 1
   5              		.eabi_attribute 28, 1
   6              		.eabi_attribute 20, 1
   7              		.eabi_attribute 21, 1
   8              		.eabi_attribute 23, 3
   9              		.eabi_attribute 24, 1
  10              		.eabi_attribute 25, 1
  11              		.eabi_attribute 26, 1
  12              		.eabi_attribute 30, 1
  13              		.eabi_attribute 34, 1
  14              		.eabi_attribute 18, 4
  15              		.file	"main.c"
  16              		.text
  17              	.Ltext0:
  18              		.cfi_sections	.debug_frame
  19              		.file 1 "Core/Src/main.c"
  20              		.section	.text.SystemClockConfig,"ax",%progbits
  21              		.align	1
  22              		.global	SystemClockConfig
  23              		.syntax unified
  24              		.thumb
  25              		.thumb_func
  27              	SystemClockConfig:
  28              	.LFB135:
   1:Core/Src/main.c **** // main.c
   2:Core/Src/main.c **** 
   3:Core/Src/main.c **** #include "stm32f4xx_hal.h"
   4:Core/Src/main.c **** #include "main.h"
   5:Core/Src/main.c **** #include <string.h>
   6:Core/Src/main.c **** #include <stdbool.h>
   7:Core/Src/main.c **** 
   8:Core/Src/main.c **** void SystemClockConfig(void);
   9:Core/Src/main.c **** // void UART2_Init(void);
  10:Core/Src/main.c **** void Error_handler(void);
  11:Core/Src/main.c **** void TIMER6_Init(void);
  12:Core/Src/main.c **** void GPIO_Init(void);
  13:Core/Src/main.c **** TIM_HandleTypeDef htimer6;
  14:Core/Src/main.c **** 
  15:Core/Src/main.c **** // uint8_t convert_to_upper(uint8_t data);
  16:Core/Src/main.c **** 
  17:Core/Src/main.c **** 
  18:Core/Src/main.c **** // UART_HandleTypeDef huart2;
  19:Core/Src/main.c **** 
  20:Core/Src/main.c **** // char *user_data = "The application is running\r\n";
  21:Core/Src/main.c **** 
  22:Core/Src/main.c **** // uint8_t data_buffer[100];
  23:Core/Src/main.c **** // uint32_t count = 0;
  24:Core/Src/main.c **** // uint8_t recv_data;
  25:Core/Src/main.c **** 
  26:Core/Src/main.c **** // bool reception_complete = false;
  27:Core/Src/main.c **** 
  28:Core/Src/main.c **** int main(void)
  29:Core/Src/main.c **** {
  30:Core/Src/main.c **** 	HAL_Init();
ARM GAS  /var/folders/cw/yd42cdzd0yd5y__m68_66wjm0000gn/T//ccDeBv9R.s 			page 2


  31:Core/Src/main.c **** 	SystemClockConfig();
  32:Core/Src/main.c **** 
  33:Core/Src/main.c **** 	GPIO_Init();
  34:Core/Src/main.c **** 	TIMER6_Init();
  35:Core/Src/main.c **** 
  36:Core/Src/main.c **** 	//Let's start the timer in polling mode
  37:Core/Src/main.c **** 	if (HAL_TIM_Base_Start(&htimer6) != HAL_OK)
  38:Core/Src/main.c **** 	{
  39:Core/Src/main.c **** 		Error_handler();
  40:Core/Src/main.c **** 	}
  41:Core/Src/main.c **** 
  42:Core/Src/main.c **** 	while (1)
  43:Core/Src/main.c **** 	{
  44:Core/Src/main.c **** 		// loop until the update event flag is set	
  45:Core/Src/main.c **** 		while ( !(TIM6->SR & TIM_SR_UIF) ) ;
  46:Core/Src/main.c **** 		// clear the update event flag
  47:Core/Src/main.c **** 
  48:Core/Src/main.c **** 		// HAL_GPIO_TogglePin(GPIOA, GPIO_PIN_5);
  49:Core/Src/main.c **** 		// TIM6->SR &= ~TIM_SR_UIF;
  50:Core/Src/main.c **** 
  51:Core/Src/main.c **** 		// Toggle example
  52:Core/Src/main.c **** 		HAL_GPIO_TogglePin(GPIOD, GPIO_PIN_12); // Green LED
  53:Core/Src/main.c **** 		TIM6->SR &= ~TIM_SR_UIF;
  54:Core/Src/main.c **** 	}
  55:Core/Src/main.c **** 	
  56:Core/Src/main.c **** 	// UART2_Init();
  57:Core/Src/main.c **** 
  58:Core/Src/main.c **** 	// uint16_t len_of_data = strlen(user_data);
  59:Core/Src/main.c **** 	// HAL_UART_Transmit(&huart2, (uint8_t*)user_data, len_of_data, HAL_MAX_DELAY);
  60:Core/Src/main.c **** 
  61:Core/Src/main.c **** 	// while(reception_complete == false)
  62:Core/Src/main.c **** 	// {
  63:Core/Src/main.c **** 
  64:Core/Src/main.c **** 	// 	HAL_UART_Receive_IT(&huart2, &recv_data, 1);
  65:Core/Src/main.c **** 
  66:Core/Src/main.c **** 	// }
  67:Core/Src/main.c **** 
  68:Core/Src/main.c **** 	while(1) ;
  69:Core/Src/main.c **** 	// uint8_t rcv_data;
  70:Core/Src/main.c **** 	// uint8_t data_buffer[100];
  71:Core/Src/main.c **** 	// uint32_t count = 0;
  72:Core/Src/main.c **** 
  73:Core/Src/main.c **** 	// while(1)
  74:Core/Src/main.c **** 	// {
  75:Core/Src/main.c **** 	//     HAL_UART_Receive(&huart2, &rcv_data, 1, HAL_MAX_DELAY);
  76:Core/Src/main.c **** 
  77:Core/Src/main.c **** 	//     if ((rcv_data != '\r') && (rcv_data != '\n'))
  78:Core/Src/main.c **** 	//     {
  79:Core/Src/main.c **** 	//         if (count < sizeof(data_buffer) - 1U)
  80:Core/Src/main.c **** 	//         {
  81:Core/Src/main.c **** 	//             data_buffer[count++] = convert_to_upper(rcv_data);
  82:Core/Src/main.c **** 	//         }
  83:Core/Src/main.c **** 	//     }
  84:Core/Src/main.c **** 	//     else
  85:Core/Src/main.c **** 	//     {
  86:Core/Src/main.c **** 	//         uint8_t new_line[] = "\r\n";
  87:Core/Src/main.c **** 
ARM GAS  /var/folders/cw/yd42cdzd0yd5y__m68_66wjm0000gn/T//ccDeBv9R.s 			page 3


  88:Core/Src/main.c **** 	//         data_buffer[count] = '\0';
  89:Core/Src/main.c **** 	//         HAL_UART_Transmit(&huart2, data_buffer, count, HAL_MAX_DELAY);
  90:Core/Src/main.c **** 	//         HAL_UART_Transmit(&huart2, new_line, sizeof(new_line) - 1U, HAL_MAX_DELAY);
  91:Core/Src/main.c **** 	//         count = 0;
  92:Core/Src/main.c **** 	//     }
  93:Core/Src/main.c **** 	// }
  94:Core/Src/main.c **** 
  95:Core/Src/main.c **** 	return 0;
  96:Core/Src/main.c **** }
  97:Core/Src/main.c **** 
  98:Core/Src/main.c **** void SystemClockConfig(void)
  99:Core/Src/main.c **** {
  29              		.loc 1 99 1 view -0
  30              		.cfi_startproc
  31              		@ args = 0, pretend = 0, frame = 0
  32              		@ frame_needed = 0, uses_anonymous_args = 0
  33              		@ link register save eliminated.
 100:Core/Src/main.c **** 
 101:Core/Src/main.c **** }
  34              		.loc 1 101 1 view .LVU1
  35 0000 7047     		bx	lr
  36              		.cfi_endproc
  37              	.LFE135:
  39              		.section	.text.Error_handler,"ax",%progbits
  40              		.align	1
  41              		.global	Error_handler
  42              		.syntax unified
  43              		.thumb
  44              		.thumb_func
  46              	Error_handler:
  47              	.LFB136:
 102:Core/Src/main.c **** 
 103:Core/Src/main.c **** // void UART2_Init()
 104:Core/Src/main.c **** // {
 105:Core/Src/main.c **** // 	huart2.Instance                     =    USART2;
 106:Core/Src/main.c **** // 	huart2.Init.BaudRate                =    115200;
 107:Core/Src/main.c **** // 	huart2.Init.WordLength              =    UART_WORDLENGTH_8B;
 108:Core/Src/main.c **** // 	huart2.Init.StopBits                =    UART_STOPBITS_1;
 109:Core/Src/main.c **** // 	huart2.Init.Parity                  =    UART_PARITY_NONE;
 110:Core/Src/main.c **** // 	huart2.Init.HwFlowCtl               =    UART_HWCONTROL_NONE;
 111:Core/Src/main.c **** // 	huart2.Init.Mode                    =    UART_MODE_TX_RX;
 112:Core/Src/main.c **** 
 113:Core/Src/main.c **** // 	if (HAL_OK != HAL_UART_Init(&huart2))
 114:Core/Src/main.c **** // 	{
 115:Core/Src/main.c **** // 		//There is a problem
 116:Core/Src/main.c **** // 		Error_handler();
 117:Core/Src/main.c **** // 	}
 118:Core/Src/main.c **** // }
 119:Core/Src/main.c **** 
 120:Core/Src/main.c **** void Error_handler(void)
 121:Core/Src/main.c **** {
  48              		.loc 1 121 1 view -0
  49              		.cfi_startproc
  50              		@ Volatile: function does not return.
  51              		@ args = 0, pretend = 0, frame = 0
  52              		@ frame_needed = 0, uses_anonymous_args = 0
  53              		@ link register save eliminated.
ARM GAS  /var/folders/cw/yd42cdzd0yd5y__m68_66wjm0000gn/T//ccDeBv9R.s 			page 4


  54              	.L3:
 122:Core/Src/main.c **** 	while(1) ;
  55              		.loc 1 122 2 view .LVU3
  56              		.loc 1 122 7 view .LVU4
  57 0000 FEE7     		b	.L3
  58              		.cfi_endproc
  59              	.LFE136:
  61              		.section	.text.GPIO_Init,"ax",%progbits
  62              		.align	1
  63              		.global	GPIO_Init
  64              		.syntax unified
  65              		.thumb
  66              		.thumb_func
  68              	GPIO_Init:
  69              	.LFB137:
 123:Core/Src/main.c **** }
 124:Core/Src/main.c **** 
 125:Core/Src/main.c **** void GPIO_Init(void)
 126:Core/Src/main.c **** {
  70              		.loc 1 126 1 view -0
  71              		.cfi_startproc
  72              		@ args = 0, pretend = 0, frame = 24
  73              		@ frame_needed = 0, uses_anonymous_args = 0
  74 0000 00B5     		push	{lr}
  75              	.LCFI0:
  76              		.cfi_def_cfa_offset 4
  77              		.cfi_offset 14, -4
  78 0002 87B0     		sub	sp, sp, #28
  79              	.LCFI1:
  80              		.cfi_def_cfa_offset 32
 127:Core/Src/main.c **** 	// __HAL_RCC_GPIOA_CLK_ENABLE();
 128:Core/Src/main.c **** 	// GPIO_InitTypeDef ledgpio;
 129:Core/Src/main.c **** 	// ledgpio.Pin = GPIO_PIN_5;
 130:Core/Src/main.c **** 	// ledgpio.Mode = GPIO_MODE_OUTPUT_PP;
 131:Core/Src/main.c **** 	// ledgpio.Pull = GPIO_NOPULL;
 132:Core/Src/main.c **** 
 133:Core/Src/main.c **** 	// HAL_GPIO_Init(GPIOA, &ledgpio);
 134:Core/Src/main.c **** 
 135:Core/Src/main.c **** 	__HAL_RCC_GPIOD_CLK_ENABLE();
  81              		.loc 1 135 2 view .LVU6
  82              	.LBB2:
  83              		.loc 1 135 2 view .LVU7
  84 0004 0023     		movs	r3, #0
  85 0006 0093     		str	r3, [sp]
  86              		.loc 1 135 2 view .LVU8
  87 0008 0D4A     		ldr	r2, .L6
  88 000a 116B     		ldr	r1, [r2, #48]
  89 000c 41F00801 		orr	r1, r1, #8
  90 0010 1163     		str	r1, [r2, #48]
  91              		.loc 1 135 2 view .LVU9
  92 0012 126B     		ldr	r2, [r2, #48]
  93 0014 02F00802 		and	r2, r2, #8
  94 0018 0092     		str	r2, [sp]
  95              		.loc 1 135 2 view .LVU10
  96 001a 009A     		ldr	r2, [sp]
  97              	.LBE2:
  98              		.loc 1 135 2 view .LVU11
ARM GAS  /var/folders/cw/yd42cdzd0yd5y__m68_66wjm0000gn/T//ccDeBv9R.s 			page 5


 136:Core/Src/main.c **** 
 137:Core/Src/main.c **** 	GPIO_InitTypeDef GPIO_InitStruct = {0};
  99              		.loc 1 137 2 view .LVU12
 100              		.loc 1 137 19 is_stmt 0 view .LVU13
 101 001c 01A9     		add	r1, sp, #4
 102 001e 0193     		str	r3, [sp, #4]
 103 0020 4B60     		str	r3, [r1, #4]
 104 0022 8B60     		str	r3, [r1, #8]
 105 0024 CB60     		str	r3, [r1, #12]
 106 0026 0B61     		str	r3, [r1, #16]
 138:Core/Src/main.c **** 
 139:Core/Src/main.c **** 	GPIO_InitStruct.Pin = GPIO_PIN_12 | GPIO_PIN_13 | GPIO_PIN_14 | GPIO_PIN_15;
 107              		.loc 1 139 2 is_stmt 1 view .LVU14
 108              		.loc 1 139 22 is_stmt 0 view .LVU15
 109 0028 4FF47043 		mov	r3, #61440
 110 002c 0193     		str	r3, [sp, #4]
 140:Core/Src/main.c **** 	GPIO_InitStruct.Mode = GPIO_MODE_OUTPUT_PP;
 111              		.loc 1 140 2 is_stmt 1 view .LVU16
 112              		.loc 1 140 23 is_stmt 0 view .LVU17
 113 002e 0123     		movs	r3, #1
 114 0030 0293     		str	r3, [sp, #8]
 141:Core/Src/main.c **** 	GPIO_InitStruct.Pull = GPIO_NOPULL;
 115              		.loc 1 141 2 is_stmt 1 view .LVU18
 142:Core/Src/main.c **** 	GPIO_InitStruct.Speed = GPIO_SPEED_FREQ_LOW;
 116              		.loc 1 142 2 view .LVU19
 143:Core/Src/main.c **** 
 144:Core/Src/main.c **** 	HAL_GPIO_Init(GPIOD, &GPIO_InitStruct);
 117              		.loc 1 144 2 view .LVU20
 118 0032 0448     		ldr	r0, .L6+4
 119 0034 FFF7FEFF 		bl	HAL_GPIO_Init
 120              	.LVL0:
 145:Core/Src/main.c **** 
 146:Core/Src/main.c **** 
 147:Core/Src/main.c **** }
 121              		.loc 1 147 1 is_stmt 0 view .LVU21
 122 0038 07B0     		add	sp, sp, #28
 123              	.LCFI2:
 124              		.cfi_def_cfa_offset 4
 125              		@ sp needed
 126 003a 5DF804FB 		ldr	pc, [sp], #4
 127              	.L7:
 128 003e 00BF     		.align	2
 129              	.L6:
 130 0040 00380240 		.word	1073887232
 131 0044 000C0240 		.word	1073875968
 132              		.cfi_endproc
 133              	.LFE137:
 135              		.section	.text.TIMER6_Init,"ax",%progbits
 136              		.align	1
 137              		.global	TIMER6_Init
 138              		.syntax unified
 139              		.thumb
 140              		.thumb_func
 142              	TIMER6_Init:
 143              	.LFB138:
 148:Core/Src/main.c **** 
 149:Core/Src/main.c **** void TIMER6_Init(void)
ARM GAS  /var/folders/cw/yd42cdzd0yd5y__m68_66wjm0000gn/T//ccDeBv9R.s 			page 6


 150:Core/Src/main.c **** {
 144              		.loc 1 150 1 is_stmt 1 view -0
 145              		.cfi_startproc
 146              		@ args = 0, pretend = 0, frame = 0
 147              		@ frame_needed = 0, uses_anonymous_args = 0
 148 0000 08B5     		push	{r3, lr}
 149              	.LCFI3:
 150              		.cfi_def_cfa_offset 8
 151              		.cfi_offset 3, -8
 152              		.cfi_offset 14, -4
 151:Core/Src/main.c **** 	htimer6.Instance = TIM6;
 153              		.loc 1 151 2 view .LVU23
 154              		.loc 1 151 19 is_stmt 0 view .LVU24
 155 0002 0748     		ldr	r0, .L12
 156 0004 074B     		ldr	r3, .L12+4
 157 0006 0360     		str	r3, [r0]
 152:Core/Src/main.c **** 	htimer6.Init.Prescaler = 24; // Assuming APB1 timer clock is 24 MHz
 158              		.loc 1 152 2 is_stmt 1 view .LVU25
 159              		.loc 1 152 25 is_stmt 0 view .LVU26
 160 0008 1823     		movs	r3, #24
 161 000a 4360     		str	r3, [r0, #4]
 153:Core/Src/main.c **** 	htimer6.Init.Period = 64000 - 1; // 1 second period
 162              		.loc 1 153 2 is_stmt 1 view .LVU27
 163              		.loc 1 153 22 is_stmt 0 view .LVU28
 164 000c 4FF6FF13 		movw	r3, #63999
 165 0010 C360     		str	r3, [r0, #12]
 154:Core/Src/main.c **** 
 155:Core/Src/main.c **** 	if (HAL_TIM_Base_Init(&htimer6) != HAL_OK)
 166              		.loc 1 155 2 is_stmt 1 view .LVU29
 167              		.loc 1 155 6 is_stmt 0 view .LVU30
 168 0012 FFF7FEFF 		bl	HAL_TIM_Base_Init
 169              	.LVL1:
 170              		.loc 1 155 5 discriminator 1 view .LVU31
 171 0016 00B9     		cbnz	r0, .L11
 156:Core/Src/main.c **** 	{
 157:Core/Src/main.c **** 		Error_handler();
 158:Core/Src/main.c **** 	}
 159:Core/Src/main.c **** }
 172              		.loc 1 159 1 view .LVU32
 173 0018 08BD     		pop	{r3, pc}
 174              	.L11:
 157:Core/Src/main.c **** 	}
 175              		.loc 1 157 3 is_stmt 1 view .LVU33
 176 001a FFF7FEFF 		bl	Error_handler
 177              	.LVL2:
 178              	.L13:
 179 001e 00BF     		.align	2
 180              	.L12:
 181 0020 00000000 		.word	htimer6
 182 0024 00100040 		.word	1073745920
 183              		.cfi_endproc
 184              	.LFE138:
 186              		.section	.text.main,"ax",%progbits
 187              		.align	1
 188              		.global	main
 189              		.syntax unified
 190              		.thumb
ARM GAS  /var/folders/cw/yd42cdzd0yd5y__m68_66wjm0000gn/T//ccDeBv9R.s 			page 7


 191              		.thumb_func
 193              	main:
 194              	.LFB134:
  29:Core/Src/main.c **** 	HAL_Init();
 195              		.loc 1 29 1 view -0
 196              		.cfi_startproc
 197              		@ Volatile: function does not return.
 198              		@ args = 0, pretend = 0, frame = 0
 199              		@ frame_needed = 0, uses_anonymous_args = 0
 200 0000 08B5     		push	{r3, lr}
 201              	.LCFI4:
 202              		.cfi_def_cfa_offset 8
 203              		.cfi_offset 3, -8
 204              		.cfi_offset 14, -4
  30:Core/Src/main.c **** 	SystemClockConfig();
 205              		.loc 1 30 2 view .LVU35
 206 0002 FFF7FEFF 		bl	HAL_Init
 207              	.LVL3:
  31:Core/Src/main.c **** 
 208              		.loc 1 31 2 view .LVU36
  33:Core/Src/main.c **** 	TIMER6_Init();
 209              		.loc 1 33 2 view .LVU37
 210 0006 FFF7FEFF 		bl	GPIO_Init
 211              	.LVL4:
  34:Core/Src/main.c **** 
 212              		.loc 1 34 2 view .LVU38
 213 000a FFF7FEFF 		bl	TIMER6_Init
 214              	.LVL5:
  37:Core/Src/main.c **** 	{
 215              		.loc 1 37 2 view .LVU39
  37:Core/Src/main.c **** 	{
 216              		.loc 1 37 6 is_stmt 0 view .LVU40
 217 000e 0B48     		ldr	r0, .L19
 218 0010 FFF7FEFF 		bl	HAL_TIM_Base_Start
 219              	.LVL6:
  37:Core/Src/main.c **** 	{
 220              		.loc 1 37 5 discriminator 1 view .LVU41
 221 0014 78B9     		cbnz	r0, .L18
 222              	.L16:
  45:Core/Src/main.c **** 		// clear the update event flag
 223              		.loc 1 45 11 is_stmt 1 discriminator 1 view .LVU42
  45:Core/Src/main.c **** 		// clear the update event flag
 224              		.loc 1 45 17 is_stmt 0 discriminator 1 view .LVU43
 225 0016 0A4B     		ldr	r3, .L19+4
 226 0018 1B69     		ldr	r3, [r3, #16]
  45:Core/Src/main.c **** 		// clear the update event flag
 227              		.loc 1 45 11 discriminator 1 view .LVU44
 228 001a 13F0010F 		tst	r3, #1
 229 001e FAD0     		beq	.L16
  52:Core/Src/main.c **** 		TIM6->SR &= ~TIM_SR_UIF;
 230              		.loc 1 52 3 is_stmt 1 view .LVU45
 231 0020 4FF48051 		mov	r1, #4096
 232 0024 0748     		ldr	r0, .L19+8
 233 0026 FFF7FEFF 		bl	HAL_GPIO_TogglePin
 234              	.LVL7:
  53:Core/Src/main.c **** 	}
 235              		.loc 1 53 3 view .LVU46
ARM GAS  /var/folders/cw/yd42cdzd0yd5y__m68_66wjm0000gn/T//ccDeBv9R.s 			page 8


  53:Core/Src/main.c **** 	}
 236              		.loc 1 53 7 is_stmt 0 view .LVU47
 237 002a 054A     		ldr	r2, .L19+4
 238 002c 1369     		ldr	r3, [r2, #16]
  53:Core/Src/main.c **** 	}
 239              		.loc 1 53 12 view .LVU48
 240 002e 23F00103 		bic	r3, r3, #1
 241 0032 1361     		str	r3, [r2, #16]
  42:Core/Src/main.c **** 	{
 242              		.loc 1 42 8 is_stmt 1 view .LVU49
  45:Core/Src/main.c **** 		// clear the update event flag
 243              		.loc 1 45 9 is_stmt 0 view .LVU50
 244 0034 EFE7     		b	.L16
 245              	.L18:
  39:Core/Src/main.c **** 	}
 246              		.loc 1 39 3 is_stmt 1 view .LVU51
 247 0036 FFF7FEFF 		bl	Error_handler
 248              	.LVL8:
 249              	.L20:
 250 003a 00BF     		.align	2
 251              	.L19:
 252 003c 00000000 		.word	htimer6
 253 0040 00100040 		.word	1073745920
 254 0044 000C0240 		.word	1073875968
 255              		.cfi_endproc
 256              	.LFE134:
 258              		.global	htimer6
 259              		.section	.bss.htimer6,"aw",%nobits
 260              		.align	2
 263              	htimer6:
 264 0000 00000000 		.space	72
 264      00000000 
 264      00000000 
 264      00000000 
 264      00000000 
 265              		.text
 266              	.Letext0:
 267              		.file 2 "/Applications/ArmGNUToolchain/14.2.rel1/arm-none-eabi/arm-none-eabi/include/machine/_defa
 268              		.file 3 "/Applications/ArmGNUToolchain/14.2.rel1/arm-none-eabi/arm-none-eabi/include/sys/_stdint.h
 269              		.file 4 "Drivers/CMSIS/Device/ST/STM32F4xx/Include/stm32f407xx.h"
 270              		.file 5 "Drivers/STM32F4xx_HAL_Driver/Inc/stm32f4xx_hal_def.h"
 271              		.file 6 "Drivers/STM32F4xx_HAL_Driver/Inc/stm32f4xx_hal_gpio.h"
 272              		.file 7 "Drivers/STM32F4xx_HAL_Driver/Inc/stm32f4xx_hal_dma.h"
 273              		.file 8 "Drivers/STM32F4xx_HAL_Driver/Inc/stm32f4xx_hal_tim.h"
 274              		.file 9 "Drivers/STM32F4xx_HAL_Driver/Inc/stm32f4xx_hal.h"
ARM GAS  /var/folders/cw/yd42cdzd0yd5y__m68_66wjm0000gn/T//ccDeBv9R.s 			page 9


DEFINED SYMBOLS
                            *ABS*:00000000 main.c
/var/folders/cw/yd42cdzd0yd5y__m68_66wjm0000gn/T//ccDeBv9R.s:21     .text.SystemClockConfig:00000000 $t
/var/folders/cw/yd42cdzd0yd5y__m68_66wjm0000gn/T//ccDeBv9R.s:27     .text.SystemClockConfig:00000000 SystemClockConfig
/var/folders/cw/yd42cdzd0yd5y__m68_66wjm0000gn/T//ccDeBv9R.s:40     .text.Error_handler:00000000 $t
/var/folders/cw/yd42cdzd0yd5y__m68_66wjm0000gn/T//ccDeBv9R.s:46     .text.Error_handler:00000000 Error_handler
/var/folders/cw/yd42cdzd0yd5y__m68_66wjm0000gn/T//ccDeBv9R.s:62     .text.GPIO_Init:00000000 $t
/var/folders/cw/yd42cdzd0yd5y__m68_66wjm0000gn/T//ccDeBv9R.s:68     .text.GPIO_Init:00000000 GPIO_Init
/var/folders/cw/yd42cdzd0yd5y__m68_66wjm0000gn/T//ccDeBv9R.s:130    .text.GPIO_Init:00000040 $d
/var/folders/cw/yd42cdzd0yd5y__m68_66wjm0000gn/T//ccDeBv9R.s:136    .text.TIMER6_Init:00000000 $t
/var/folders/cw/yd42cdzd0yd5y__m68_66wjm0000gn/T//ccDeBv9R.s:142    .text.TIMER6_Init:00000000 TIMER6_Init
/var/folders/cw/yd42cdzd0yd5y__m68_66wjm0000gn/T//ccDeBv9R.s:181    .text.TIMER6_Init:00000020 $d
/var/folders/cw/yd42cdzd0yd5y__m68_66wjm0000gn/T//ccDeBv9R.s:263    .bss.htimer6:00000000 htimer6
/var/folders/cw/yd42cdzd0yd5y__m68_66wjm0000gn/T//ccDeBv9R.s:187    .text.main:00000000 $t
/var/folders/cw/yd42cdzd0yd5y__m68_66wjm0000gn/T//ccDeBv9R.s:193    .text.main:00000000 main
/var/folders/cw/yd42cdzd0yd5y__m68_66wjm0000gn/T//ccDeBv9R.s:252    .text.main:0000003c $d
/var/folders/cw/yd42cdzd0yd5y__m68_66wjm0000gn/T//ccDeBv9R.s:260    .bss.htimer6:00000000 $d

UNDEFINED SYMBOLS
HAL_GPIO_Init
HAL_TIM_Base_Init
HAL_Init
HAL_TIM_Base_Start
HAL_GPIO_TogglePin
